<?xml version="1.0" encoding="UTF-8"?>
<testsuite xmlns:xsi="http://www.w3.org/2001/XMLSchema-instance" xsi:noNamespaceSchemaLocation="https://maven.apache.org/surefire/maven-surefire-plugin/xsd/surefire-test-report.xsd" version="3.0.2" name="io.cyphera.kmip.TtlvTest" time="0.041" tests="47" errors="0" skipped="0" failures="0">
  <properties>
[...]
</properties>
  <testcase name="findChildReturnsNullWhenNotFound" classname="io.cyphera.kmip.TtlvTest" time="0.011"/>
  <testcase name="encodesAndDecodesBooleanFalse" classname="io.cyphera.kmip.TtlvTest" time="0.001"/>
  <testcase name="encodesAndDecodesZeroInteger" classname="io.cyphera.kmip.TtlvTest" time="0.0"/>
  <testcase name="encodesAndDecodesTextString" classname="io.cyphera.kmip.TtlvTest" time="0.001"/>
  <testcase name="tagBytesAreBigEndian" classname="io.cyphera.kmip.TtlvTest" time="0.001"/>
  <testcase name="encodesAndDecodesEnumeration" classname="io.cyphera.kmip.TtlvTest" time="0.0"/>
  <testcase name="encodesAndDecodesInterval" classname="io.cyphera.kmip.TtlvTest" time="0.0"/>
  <testcase name="lengthFieldForTextString" classname="io.cyphera.kmip.TtlvTest" time="0.001"/>
  <testcase name="encodesAndDecodesPositiveInteger" classname="io.cyphera.kmip.TtlvTest" time="0.0"/>
  <testcase name="typeByteValues" classname="io.cyphera.kmip.TtlvTest" time="0.0"/>
  <testcase name="encodesAndDecodesLongTextString" classname="io.cyphera.kmip.TtlvTest" time="0.0"/>
  <testcase name="encodesAndDecodesNegativeInteger" classname="io.cyphera.kmip.TtlvTest" time="0.0"/>
  <testcase name="encodesAndDecodesBooleanTrue" classname="io.cyphera.kmip.TtlvTest" time="0.0"/>
  <testcase name="encodesAndDecodesMaxInteger" classname="io.cyphera.kmip.TtlvTest" time="0.0"/>
  <testcase name="handlesEmptyTextString" classname="io.cyphera.kmip.TtlvTest" time="0.0"/>
  <testcase name="paddingBytesAreZeroForInteger" classname="io.cyphera.kmip.TtlvTest" time="0.001"/>
  <testcase name="lengthFieldIsCorrect" classname="io.cyphera.kmip.TtlvTest" time="0.0"/>
  <testcase name="findChildrenReturnsEmptyOnNonStructure" classname="io.cyphera.kmip.TtlvTest" time="0.001"/>
  <testcase name="findChildLocatesChildByTag" classname="io.cyphera.kmip.TtlvTest" time="0.001"/>
  <testcase name="textStringNineBytesRoundsToSixteen" classname="io.cyphera.kmip.TtlvTest" time="0.0"/>
  <testcase name="encodesAndDecodesDateTime" classname="io.cyphera.kmip.TtlvTest" time="0.001"/>
  <testcase name="textStringPaddingBytesAreZero" classname="io.cyphera.kmip.TtlvTest" time="0.0"/>
  <testcase name="childrenReturnsEmptyListOnNonStructure" classname="io.cyphera.kmip.TtlvTest" time="0.0"/>
  <testcase name="byteStringPaddedToAlignment" classname="io.cyphera.kmip.TtlvTest" time="0.0"/>
  <testcase name="integerTotalLengthIs16" classname="io.cyphera.kmip.TtlvTest" time="0.0"/>
  <testcase name="textStringEightBytesNoPaddingNeeded" classname="io.cyphera.kmip.TtlvTest" time="0.001"/>
  <testcase name="throwsOnBufferTooShort" classname="io.cyphera.kmip.TtlvTest" time="0.001"/>
  <testcase name="findChildReturnsNullOnNonStructure" classname="io.cyphera.kmip.TtlvTest" time="0.0"/>
  <testcase name="decodesThreeLevelsDeepStructure" classname="io.cyphera.kmip.TtlvTest" time="0.0"/>
  <testcase name="encodesAndDecodesNegativeLongInteger" classname="io.cyphera.kmip.TtlvTest" time="0.0"/>
  <testcase name="booleanTotalLengthIs16" classname="io.cyphera.kmip.TtlvTest" time="0.0"/>
  <testcase name="encodesAndDecodesStructureWithChildren" classname="io.cyphera.kmip.TtlvTest" time="0.001"/>
  <testcase name="encodesAndDecodesUnicodeTextString" classname="io.cyphera.kmip.TtlvTest" time="0.0"/>
  <testcase name="encodesAndDecodesByteString" classname="io.cyphera.kmip.TtlvTest" time="0.001"/>
  <testcase name="encodesAndDecodesPositiveLongInteger" classname="io.cyphera.kmip.TtlvTest" time="0.0"/>
  <testcase name="findChildrenReturnsEmptyWhenNoMatch" classname="io.cyphera.kmip.TtlvTest" time="0.0"/>
  <testcase name="emptyByteString" classname="io.cyphera.kmip.TtlvTest" time="0.0"/>
  <testcase name="enumerationTotalLengthIs16" classname="io.cyphera.kmip.TtlvTest" time="0.0"/>
  <testcase name="longIntegerTotalLengthIs16" classname="io.cyphera.kmip.TtlvTest" time="0.001"/>
  <testcase name="findChildrenReturnsMultipleMatches" classname="io.cyphera.kmip.TtlvTest" time="0.0"/>
  <testcase name="encodesAndDecodesMinInteger" classname="io.cyphera.kmip.TtlvTest" time="0.0"/>
  <testcase name="encodesAndDecodesEmptyStructure" classname="io.cyphera.kmip.TtlvTest" time="0.001"/>
  <testcase name="dateTimeTotalLengthIs16" classname="io.cyphera.kmip.TtlvTest" time="0.0"/>
  <testcase name="textStringFiveBytesRoundsToEight" classname="io.cyphera.kmip.TtlvTest" time="0.0"/>
  <testcase name="typeByteInEncodedOutput" classname="io.cyphera.kmip.TtlvTest" time="0.001"/>
  <testcase name="throwsOnEmptyBuffer" classname="io.cyphera.kmip.TtlvTest" time="0.0"/>
  <testcase name="encodesAndDecodesStructureWithMixedTypes" classname="io.cyphera.kmip.TtlvTest" time="0.0"/>
</testsuite>